<?xml version="1.0" encoding="UTF-8"?>
<coverage generated="1661810271714" clover="3.2.0">
  <project timestamp="1661810271714" name="All files">
    <metrics statements="25" coveredstatements="25" conditionals="18" coveredconditionals="17" methods="6" coveredmethods="4" elements="49" coveredelements="46" complexity="0" loc="25" ncloc="25" packages="1" files="1" classes="1"/>
    <file name="gilded_rose.js" path="/home/jsmith3763/jest/GildedRose-Refactoring-Kata/js-jest/src/gilded_rose.js">
      <metrics statements="25" coveredstatements="25" conditionals="18" coveredconditionals="17" methods="6" coveredmethods="4"/>
      <line num="18" count="20" type="cond" truecount="4" falsecount="0"/>
      <line num="19" count="2" type="stmt"/>
      <line num="20" count="2" type="stmt"/>
      <line num="21" count="2" type="stmt"/>
      <line num="22" count="18" type="cond" truecount="6" falsecount="0"/>
      <line num="23" count="5" type="stmt"/>
      <line num="25" count="13" type="stmt"/>
      <line num="26" count="13" type="stmt"/>
      <line num="27" count="13" type="stmt"/>
      <line num="32" count="10" type="stmt"/>
      <line num="33" count="10" type="stmt"/>
      <line num="34" count="10" type="cond" truecount="2" falsecount="0"/>
      <line num="35" count="2" type="stmt"/>
      <line num="37" count="8" type="stmt"/>
      <line num="39" count="10" type="stmt"/>
      <line num="46" count="20" type="stmt"/>
      <line num="99" count="20" type="stmt"/>
      <line num="100" count="20" type="stmt"/>
      <line num="101" count="20" type="stmt"/>
      <line num="103" count="20" type="stmt"/>
      <line num="104" count="20" type="stmt"/>
      <line num="105" count="20" type="stmt"/>
      <line num="107" count="20" type="cond" truecount="5" falsecount="0"/>
      <line num="108" count="10" type="stmt"/>
      <line num="125" count="1" type="stmt"/>
    </file>
  </project>
</coverage>
