{"/home/jsmith3763/jest/GildedRose-Refactoring-Kata/js-jest/src/gilded_rose.js": {"path":"/home/jsmith3763/jest/GildedRose-Refactoring-Kata/js-jest/src/gilded_rose.js","statementMap":{"0":{"start":{"line":18,"column":4},"end":{"line":28,"column":5}},"1":{"start":{"line":19,"column":6},"end":{"line":19,"column":23}},"2":{"start":{"line":20,"column":6},"end":{"line":20,"column":27}},"3":{"start":{"line":21,"column":6},"end":{"line":21,"column":29}},"4":{"start":{"line":22,"column":11},"end":{"line":28,"column":5}},"5":{"start":{"line":23,"column":6},"end":{"line":23,"column":19}},"6":{"start":{"line":25,"column":6},"end":{"line":25,"column":23}},"7":{"start":{"line":26,"column":6},"end":{"line":26,"column":27}},"8":{"start":{"line":27,"column":6},"end":{"line":27,"column":29}},"9":{"start":{"line":32,"column":26},"end":{"line":32,"column":37}},"10":{"start":{"line":33,"column":23},"end":{"line":33,"column":35}},"11":{"start":{"line":34,"column":4},"end":{"line":38,"column":5}},"12":{"start":{"line":35,"column":6},"end":{"line":35,"column":38}},"13":{"start":{"line":37,"column":6},"end":{"line":37,"column":38}},"14":{"start":{"line":39,"column":4},"end":{"line":39,"column":42}},"15":{"start":{"line":46,"column":4},"end":{"line":46,"column":23}},"16":{"start":{"line":99,"column":26},"end":{"line":99,"column":69}},"17":{"start":{"line":100,"column":21},"end":{"line":100,"column":49}},"18":{"start":{"line":101,"column":21},"end":{"line":101,"column":32}},"19":{"start":{"line":103,"column":4},"end":{"line":110,"column":5}},"20":{"start":{"line":103,"column":28},"end":{"line":103,"column":29}},"21":{"start":{"line":104,"column":24},"end":{"line":104,"column":48}},"22":{"start":{"line":105,"column":28},"end":{"line":105,"column":57}},"23":{"start":{"line":107,"column":6},"end":{"line":109,"column":7}},"24":{"start":{"line":108,"column":8},"end":{"line":108,"column":40}},"25":{"start":{"line":125,"column":0},"end":{"line":128,"column":1}}},"fnMap":{"0":{"name":"(anonymous_0)","decl":{"start":{"line":17,"column":2},"end":{"line":17,"column":3}},"loc":{"start":{"line":17,"column":37},"end":{"line":29,"column":3}},"line":17},"1":{"name":"(anonymous_1)","decl":{"start":{"line":31,"column":2},"end":{"line":31,"column":3}},"loc":{"start":{"line":31,"column":22},"end":{"line":40,"column":3}},"line":31},"2":{"name":"(anonymous_2)","decl":{"start":{"line":45,"column":2},"end":{"line":45,"column":3}},"loc":{"start":{"line":45,"column":26},"end":{"line":47,"column":3}},"line":45},"3":{"name":"(anonymous_3)","decl":{"start":{"line":98,"column":2},"end":{"line":98,"column":3}},"loc":{"start":{"line":98,"column":18},"end":{"line":111,"column":3}},"line":98},"4":{"name":"(anonymous_4)","decl":{"start":{"line":115,"column":2},"end":{"line":115,"column":3}},"loc":{"start":{"line":115,"column":19},"end":{"line":117,"column":3}},"line":115},"5":{"name":"(anonymous_5)","decl":{"start":{"line":119,"column":2},"end":{"line":119,"column":3}},"loc":{"start":{"line":119,"column":26},"end":{"line":122,"column":3}},"line":119}},"branchMap":{"0":{"loc":{"start":{"line":18,"column":4},"end":{"line":28,"column":5}},"type":"if","locations":[{"start":{"line":18,"column":4},"end":{"line":28,"column":5}},{"start":{"line":18,"column":4},"end":{"line":28,"column":5}}],"line":18},"1":{"loc":{"start":{"line":18,"column":8},"end":{"line":18,"column":63}},"type":"binary-expr","locations":[{"start":{"line":18,"column":8},"end":{"line":18,"column":45}},{"start":{"line":18,"column":49},"end":{"line":18,"column":63}}],"line":18},"2":{"loc":{"start":{"line":22,"column":11},"end":{"line":28,"column":5}},"type":"if","locations":[{"start":{"line":22,"column":11},"end":{"line":28,"column":5}},{"start":{"line":22,"column":11},"end":{"line":28,"column":5}}],"line":22},"3":{"loc":{"start":{"line":22,"column":15},"end":{"line":22,"column":100}},"type":"binary-expr","locations":[{"start":{"line":22,"column":15},"end":{"line":22,"column":27}},{"start":{"line":22,"column":31},"end":{"line":22,"column":42}},{"start":{"line":22,"column":46},"end":{"line":22,"column":83}},{"start":{"line":22,"column":87},"end":{"line":22,"column":100}}],"line":22},"4":{"loc":{"start":{"line":34,"column":4},"end":{"line":38,"column":5}},"type":"if","locations":[{"start":{"line":34,"column":4},"end":{"line":38,"column":5}},{"start":{"line":34,"column":4},"end":{"line":38,"column":5}}],"line":34},"5":{"loc":{"start":{"line":45,"column":14},"end":{"line":45,"column":24}},"type":"default-arg","locations":[{"start":{"line":45,"column":22},"end":{"line":45,"column":24}}],"line":45},"6":{"loc":{"start":{"line":107,"column":6},"end":{"line":109,"column":7}},"type":"if","locations":[{"start":{"line":107,"column":6},"end":{"line":109,"column":7}},{"start":{"line":107,"column":6},"end":{"line":109,"column":7}}],"line":107},"7":{"loc":{"start":{"line":107,"column":10},"end":{"line":107,"column":104}},"type":"binary-expr","locations":[{"start":{"line":107,"column":10},"end":{"line":107,"column":37}},{"start":{"line":107,"column":41},"end":{"line":107,"column":68}},{"start":{"line":107,"column":72},"end":{"line":107,"column":104}}],"line":107}},"s":{"0":20,"1":2,"2":2,"3":2,"4":18,"5":5,"6":13,"7":13,"8":13,"9":10,"10":10,"11":10,"12":2,"13":8,"14":10,"15":20,"16":20,"17":20,"18":20,"19":20,"20":20,"21":20,"22":20,"23":20,"24":10,"25":1},"f":{"0":20,"1":10,"2":20,"3":20,"4":0,"5":0},"b":{"0":[2,18],"1":[20,4],"2":[5,13],"3":[18,16,14,1],"4":[2,8],"5":[0],"6":[10,10],"7":[20,18,16]},"_coverageSchema":"43e27e138ebf9cfc5966b082cf9a028302ed4184","hash":"c22a6e9567e8ab5443587f048b993911239e807c"}
}
