TN:
SF:/home/jsmith3763/jest/GildedRose-Refactoring-Kata/js-jest/src/gilded_rose.js
FN:17,(anonymous_0)
FN:31,(anonymous_1)
FN:45,(anonymous_2)
FN:98,(anonymous_3)
FN:115,(anonymous_4)
FN:119,(anonymous_5)
FNF:6
FNH:4
FNDA:20,(anonymous_0)
FNDA:10,(anonymous_1)
FNDA:20,(anonymous_2)
FNDA:20,(anonymous_3)
FNDA:0,(anonymous_4)
FNDA:0,(anonymous_5)
DA:18,20
DA:19,2
DA:20,2
DA:21,2
DA:22,18
DA:23,5
DA:25,13
DA:26,13
DA:27,13
DA:32,10
DA:33,10
DA:34,10
DA:35,2
DA:37,8
DA:39,10
DA:46,20
DA:99,20
DA:100,20
DA:101,20
DA:103,20
DA:104,20
DA:105,20
DA:107,20
DA:108,10
DA:125,1
LF:25
LH:25
BRDA:18,0,0,2
BRDA:18,0,1,18
BRDA:18,1,0,20
BRDA:18,1,1,4
BRDA:22,2,0,5
BRDA:22,2,1,13
BRDA:22,3,0,18
BRDA:22,3,1,16
BRDA:22,3,2,14
BRDA:22,3,3,1
BRDA:34,4,0,2
BRDA:34,4,1,8
BRDA:45,5,0,0
BRDA:107,6,0,10
BRDA:107,6,1,10
BRDA:107,7,0,20
BRDA:107,7,1,18
BRDA:107,7,2,16
BRF:18
BRH:17
end_of_record
